\BOOKMARK [0][-]{chapter.1}{\376\377\0001\000\040\213\364\146\016\145\207\150\143}{}% 1
\BOOKMARK [0][-]{chapter.2}{\376\377\0002\000\040\176\347\142\177\121\163\174\373\175\042\137\025}{}% 2
\BOOKMARK [1][-]{section.2.1}{\376\377\0002\000.\0001\000\040\174\173\176\347\142\177\121\163\174\373}{chapter.2}% 3
\BOOKMARK [0][-]{chapter.3}{\376\377\0003\000\040\174\173\175\042\137\025}{}% 4
\BOOKMARK [1][-]{section.3.1}{\376\377\0003\000.\0001\000\040\174\173\122\027\210\150}{chapter.3}% 5
\BOOKMARK [0][-]{chapter.4}{\376\377\0004\000\040\145\207\116\366\175\042\137\025}{}% 6
\BOOKMARK [1][-]{section.4.1}{\376\377\0004\000.\0001\000\040\145\207\116\366\122\027\210\150}{chapter.4}% 7
\BOOKMARK [0][-]{chapter.5}{\376\377\0005\000\040\174\173\213\364\146\016}{}% 8
\BOOKMARK [1][-]{section.5.1}{\376\377\0005\000.\0001\000\040\000C\000A\000b\000o\000u\000t\000D\000l\000g\174\173\000\040\123\302\200\003}{chapter.5}% 9
\BOOKMARK [1][-]{section.5.2}{\376\377\0005\000.\0002\000\040\000C\000C\000h\000i\000l\000d\000V\000i\000e\000w\174\173\000\040\123\302\200\003}{chapter.5}% 10
\BOOKMARK [2][-]{subsection.5.2.1}{\376\377\0005\000.\0002\000.\0001\000\040\213\346\176\306\143\317\217\360}{section.5.2}% 11
\BOOKMARK [2][-]{subsection.5.2.2}{\376\377\0005\000.\0002\000.\0002\000\040\142\020\124\130\121\375\145\160\213\364\146\016}{section.5.2}% 12
\BOOKMARK [3][-]{subsubsection.5.2.2.1}{\376\377\0005\000.\0002\000.\0002\000.\0001\000\040\000i\000s\000\137\000i\000n\000p\000u\000t\000\050\000\051}{subsection.5.2.2}% 13
\BOOKMARK [3][-]{subsubsection.5.2.2.2}{\376\377\0005\000.\0002\000.\0002\000.\0002\000\040\000m\000\137\000c\000h\000a\000n\000g\000e\000d\000\050\000\051}{subsection.5.2.2}% 14
\BOOKMARK [3][-]{subsubsection.5.2.2.3}{\376\377\0005\000.\0002\000.\0002\000.\0003\000\040\000m\000\137\000p\000a\000i\000n\000t\000C\000u\000r\000\050\000\051}{subsection.5.2.2}% 15
\BOOKMARK [3][-]{subsubsection.5.2.2.4}{\376\377\0005\000.\0002\000.\0002\000.\0004\000\040\000m\000\137\000p\000a\000i\000n\000t\000T\000e\000x\000t\000\050\000\051}{subsection.5.2.2}% 16
\BOOKMARK [3][-]{subsubsection.5.2.2.5}{\376\377\0005\000.\0002\000.\0002\000.\0005\000\040\000O\000n\000C\000h\000a\000r\000\050\000\051}{subsection.5.2.2}% 17
\BOOKMARK [3][-]{subsubsection.5.2.2.6}{\376\377\0005\000.\0002\000.\0002\000.\0006\000\040\000O\000n\000K\000e\000y\000D\000o\000w\000n\000\050\000\051}{subsection.5.2.2}% 18
\BOOKMARK [3][-]{subsubsection.5.2.2.7}{\376\377\0005\000.\0002\000.\0002\000.\0007\000\040\000O\000n\000K\000e\000y\000U\000p\000\050\000\051}{subsection.5.2.2}% 19
\BOOKMARK [3][-]{subsubsection.5.2.2.8}{\376\377\0005\000.\0002\000.\0002\000.\0008\000\040\000O\000n\000L\000B\000u\000t\000t\000o\000n\000D\000o\000w\000n\000\050\000\051}{subsection.5.2.2}% 20
\BOOKMARK [3][-]{subsubsection.5.2.2.9}{\376\377\0005\000.\0002\000.\0002\000.\0009\000\040\000O\000n\000L\000B\000u\000t\000t\000o\000n\000U\000p\000\050\000\051}{subsection.5.2.2}% 21
\BOOKMARK [3][-]{subsubsection.5.2.2.10}{\376\377\0005\000.\0002\000.\0002\000.\0001\0000\000\040\000O\000n\000M\000o\000u\000s\000e\000M\000o\000v\000e\000\050\000\051}{subsection.5.2.2}% 22
\BOOKMARK [3][-]{subsubsection.5.2.2.11}{\376\377\0005\000.\0002\000.\0002\000.\0001\0001\000\040\000O\000n\000P\000a\000i\000n\000t\000\050\000\051}{subsection.5.2.2}% 23
\BOOKMARK [2][-]{subsection.5.2.3}{\376\377\0005\000.\0002\000.\0003\000\040\174\173\142\020\124\130\123\330\221\317\213\364\146\016}{section.5.2}% 24
\BOOKMARK [3][-]{subsubsection.5.2.3.1}{\376\377\0005\000.\0002\000.\0003\000.\0001\000\040\000m\000\137\000t\000e\000x\000t}{subsection.5.2.3}% 25
\BOOKMARK [1][-]{section.5.3}{\376\377\0005\000.\0003\000\040\000C\000M\000a\000i\000n\000F\000r\000a\000m\000e\174\173\000\040\123\302\200\003}{chapter.5}% 26
\BOOKMARK [2][-]{subsection.5.3.1}{\376\377\0005\000.\0003\000.\0001\000\040\213\346\176\306\143\317\217\360}{section.5.3}% 27
\BOOKMARK [2][-]{subsection.5.3.2}{\376\377\0005\000.\0003\000.\0002\000\040\147\204\220\040\123\312\147\220\147\204\121\375\145\160\213\364\146\016}{section.5.3}% 28
\BOOKMARK [3][-]{subsubsection.5.3.2.1}{\376\377\0005\000.\0003\000.\0002\000.\0001\000\040\000C\000M\000a\000i\000n\000F\000r\000a\000m\000e\000\050\000\051}{subsection.5.3.2}% 29
\BOOKMARK [2][-]{subsection.5.3.3}{\376\377\0005\000.\0003\000.\0003\000\040\142\020\124\130\121\375\145\160\213\364\146\016}{section.5.3}% 30
\BOOKMARK [3][-]{subsubsection.5.3.3.1}{\376\377\0005\000.\0003\000.\0003\000.\0001\000\040\000O\000n\000C\000r\000e\000a\000t\000e\000\050\000\051}{subsection.5.3.3}% 31
\BOOKMARK [3][-]{subsubsection.5.3.3.2}{\376\377\0005\000.\0003\000.\0003\000.\0002\000\040\000O\000n\000S\000i\000z\000e\000\050\000\051}{subsection.5.3.3}% 32
\BOOKMARK [3][-]{subsubsection.5.3.3.3}{\376\377\0005\000.\0003\000.\0003\000.\0003\000\040\000O\000n\000V\000S\000c\000r\000o\000l\000l\000\050\000\051}{subsection.5.3.3}% 33
\BOOKMARK [3][-]{subsubsection.5.3.3.4}{\376\377\0005\000.\0003\000.\0003\000.\0004\000\040\000U\000p\000d\000a\000t\000e\000C\000l\000i\000e\000n\000t\000R\000e\000c\000t\000\050\000\051}{subsection.5.3.3}% 34
\BOOKMARK [3][-]{subsubsection.5.3.3.5}{\376\377\0005\000.\0003\000.\0003\000.\0005\000\040\000U\000p\000d\000a\000t\000e\000S\000c\000r\000o\000l\000l\000B\000a\000r\000P\000o\000s\000\050\000\051}{subsection.5.3.3}% 35
\BOOKMARK [1][-]{section.5.4}{\376\377\0005\000.\0004\000\040\000C\000N\000o\000t\000e\000p\000a\000d\000A\000p\000p\174\173\000\040\123\302\200\003}{chapter.5}% 36
\BOOKMARK [2][-]{subsection.5.4.1}{\376\377\0005\000.\0004\000.\0001\000\040\213\346\176\306\143\317\217\360}{section.5.4}% 37
\BOOKMARK [2][-]{subsection.5.4.2}{\376\377\0005\000.\0004\000.\0002\000\040\142\020\124\130\121\375\145\160\213\364\146\016}{section.5.4}% 38
\BOOKMARK [3][-]{subsubsection.5.4.2.1}{\376\377\0005\000.\0004\000.\0002\000.\0001\000\040\000O\000n\000F\000o\000n\000t\000\050\000\051}{subsection.5.4.2}% 39
\BOOKMARK [3][-]{subsubsection.5.4.2.2}{\376\377\0005\000.\0004\000.\0002\000.\0002\000\040\000O\000n\000P\000a\000r\000a\000\050\000\051}{subsection.5.4.2}% 40
\BOOKMARK [1][-]{section.5.5}{\376\377\0005\000.\0005\000\040\000M\000\137\000P\000A\000R\000A\000\137\000D\000I\000A\174\173\000\040\123\302\200\003}{chapter.5}% 41
\BOOKMARK [2][-]{subsection.5.5.1}{\376\377\0005\000.\0005\000.\0001\000\040\213\346\176\306\143\317\217\360}{section.5.5}% 42
\BOOKMARK [1][-]{section.5.6}{\376\377\0005\000.\0006\000\040\000S\000I\000C\000H\000A\000R\000\137\000I\000N\000F\000O\174\173\000\040\123\302\200\003}{chapter.5}% 43
\BOOKMARK [2][-]{subsection.5.6.1}{\376\377\0005\000.\0006\000.\0001\000\040\213\346\176\306\143\317\217\360}{section.5.6}% 44
\BOOKMARK [2][-]{subsection.5.6.2}{\376\377\0005\000.\0006\000.\0002\000\040\142\020\124\130\121\375\145\160\213\364\146\016}{section.5.6}% 45
\BOOKMARK [3][-]{subsubsection.5.6.2.1}{\376\377\0005\000.\0006\000.\0002\000.\0001\000\040\000g\000e\000t\000\137\000c\000o\000l\000o\000r\000\050\000\051}{subsection.5.6.2}% 46
\BOOKMARK [3][-]{subsubsection.5.6.2.2}{\376\377\0005\000.\0006\000.\0002\000.\0002\000\040\000g\000e\000t\000\137\000c\000s\000p\000a\000c\000e\000\050\000\051}{subsection.5.6.2}% 47
\BOOKMARK [3][-]{subsubsection.5.6.2.3}{\376\377\0005\000.\0006\000.\0002\000.\0003\000\040\000g\000e\000t\000\137\000f\000o\000n\000t\000p\000c\000\050\000\051}{subsection.5.6.2}% 48
\BOOKMARK [3][-]{subsubsection.5.6.2.4}{\376\377\0005\000.\0006\000.\0002\000.\0004\000\040\000g\000e\000t\000\137\000l\000s\000p\000a\000c\000e\000\050\000\051}{subsection.5.6.2}% 49
\BOOKMARK [3][-]{subsubsection.5.6.2.5}{\376\377\0005\000.\0006\000.\0002\000.\0005\000\040\000g\000e\000t\000\137\000s\000i\000z\000e\000\050\000\051}{subsection.5.6.2}% 50
\BOOKMARK [3][-]{subsubsection.5.6.2.6}{\376\377\0005\000.\0006\000.\0002\000.\0006\000\040\000o\000p\000e\000r\000a\000t\000o\000r\000=\000\050\000\051}{subsection.5.6.2}% 51
\BOOKMARK [3][-]{subsubsection.5.6.2.7}{\376\377\0005\000.\0006\000.\0002\000.\0007\000\040\000s\000e\000t\000\137\000c\000o\000l\000o\000r\000\050\000\051}{subsection.5.6.2}% 52
\BOOKMARK [3][-]{subsubsection.5.6.2.8}{\376\377\0005\000.\0006\000.\0002\000.\0008\000\040\000s\000e\000t\000\137\000c\000s\000p\000a\000c\000e\000\050\000\051}{subsection.5.6.2}% 53
\BOOKMARK [3][-]{subsubsection.5.6.2.9}{\376\377\0005\000.\0006\000.\0002\000.\0009\000\040\000s\000e\000t\000\137\000f\000o\000n\000t\000p\000c\000\050\000\051\000\040\000[\0001\000/\0002\000]}{subsection.5.6.2}% 54
\BOOKMARK [3][-]{subsubsection.5.6.2.10}{\376\377\0005\000.\0006\000.\0002\000.\0001\0000\000\040\000s\000e\000t\000\137\000f\000o\000n\000t\000p\000c\000\050\000\051\000\040\000[\0002\000/\0002\000]}{subsection.5.6.2}% 55
\BOOKMARK [3][-]{subsubsection.5.6.2.11}{\376\377\0005\000.\0006\000.\0002\000.\0001\0001\000\040\000s\000e\000t\000\137\000l\000s\000p\000a\000c\000e\000\050\000\051}{subsection.5.6.2}% 56
\BOOKMARK [3][-]{subsubsection.5.6.2.12}{\376\377\0005\000.\0006\000.\0002\000.\0001\0002\000\040\000s\000e\000t\000\137\000s\000i\000z\000e\000\050\000\051}{subsection.5.6.2}% 57
\BOOKMARK [2][-]{subsection.5.6.3}{\376\377\0005\000.\0006\000.\0003\000\040\174\173\142\020\124\130\123\330\221\317\213\364\146\016}{section.5.6}% 58
\BOOKMARK [3][-]{subsubsection.5.6.3.1}{\376\377\0005\000.\0006\000.\0003\000.\0001\000\040\000f\000o\000n\000t\000p\000c}{subsection.5.6.3}% 59
\BOOKMARK [1][-]{section.5.7}{\376\377\0005\000.\0007\000\040\000S\000I\000C\000H\000A\000R\000N\000O\000D\000E\174\173\000\040\123\302\200\003}{chapter.5}% 60
\BOOKMARK [2][-]{subsection.5.7.1}{\376\377\0005\000.\0007\000.\0001\000\040\213\346\176\306\143\317\217\360}{section.5.7}% 61
\BOOKMARK [2][-]{subsection.5.7.2}{\376\377\0005\000.\0007\000.\0002\000\040\142\020\124\130\121\375\145\160\213\364\146\016}{section.5.7}% 62
\BOOKMARK [3][-]{subsubsection.5.7.2.1}{\376\377\0005\000.\0007\000.\0002\000.\0001\000\040\000c\000a\000l\000c\000\137\000S\000\137\000f\000r\000o\000m\000\137\000f\000o\000n\000t\000\050\000\051}{subsection.5.7.2}% 63
\BOOKMARK [3][-]{subsubsection.5.7.2.2}{\376\377\0005\000.\0007\000.\0002\000.\0002\000\040\000g\000e\000t\000\137\000c\000h\000a\000r\000\137\000i\000n\000f\000o\000p\000\050\000\051}{subsection.5.7.2}% 64
\BOOKMARK [3][-]{subsubsection.5.7.2.3}{\376\377\0005\000.\0007\000.\0002\000.\0003\000\040\000g\000e\000t\000\137\000d\000r\000a\000w\000\137\000i\000n\000f\000o\000p\000\050\000\051}{subsection.5.7.2}% 65
\BOOKMARK [3][-]{subsubsection.5.7.2.4}{\376\377\0005\000.\0007\000.\0002\000.\0004\000\040\000i\000n\000s\000\137\000n\000e\000x\000t\000\050\000\051\000\040\000[\0001\000/\0003\000]}{subsection.5.7.2}% 66
\BOOKMARK [3][-]{subsubsection.5.7.2.5}{\376\377\0005\000.\0007\000.\0002\000.\0005\000\040\000i\000n\000s\000\137\000n\000e\000x\000t\000\050\000\051\000\040\000[\0002\000/\0003\000]}{subsection.5.7.2}% 67
\BOOKMARK [3][-]{subsubsection.5.7.2.6}{\376\377\0005\000.\0007\000.\0002\000.\0006\000\040\000i\000n\000s\000\137\000n\000e\000x\000t\000\050\000\051\000\040\000[\0003\000/\0003\000]}{subsection.5.7.2}% 68
\BOOKMARK [3][-]{subsubsection.5.7.2.7}{\376\377\0005\000.\0007\000.\0002\000.\0007\000\040\000i\000n\000s\000\137\000p\000r\000e\000v\000\050\000\051\000\040\000[\0001\000/\0003\000]}{subsection.5.7.2}% 69
\BOOKMARK [3][-]{subsubsection.5.7.2.8}{\376\377\0005\000.\0007\000.\0002\000.\0008\000\040\000i\000n\000s\000\137\000p\000r\000e\000v\000\050\000\051\000\040\000[\0002\000/\0003\000]}{subsection.5.7.2}% 70
\BOOKMARK [3][-]{subsubsection.5.7.2.9}{\376\377\0005\000.\0007\000.\0002\000.\0009\000\040\000i\000n\000s\000\137\000p\000r\000e\000v\000\050\000\051\000\040\000[\0003\000/\0003\000]}{subsection.5.7.2}% 71
\BOOKMARK [2][-]{subsection.5.7.3}{\376\377\0005\000.\0007\000.\0003\000\040\123\313\121\103\123\312\166\370\121\163\121\375\145\160\145\207\150\143}{section.5.7}% 72
\BOOKMARK [3][-]{subsubsection.5.7.3.1}{\376\377\0005\000.\0007\000.\0003\000.\0001\000\040\000d\000e\000l\000\040\000[\0001\000/\0003\000]}{subsection.5.7.3}% 73
\BOOKMARK [3][-]{subsubsection.5.7.3.2}{\376\377\0005\000.\0007\000.\0003\000.\0002\000\040\000d\000e\000l\000\040\000[\0002\000/\0003\000]}{subsection.5.7.3}% 74
\BOOKMARK [3][-]{subsubsection.5.7.3.3}{\376\377\0005\000.\0007\000.\0003\000.\0003\000\040\000d\000e\000l\000\040\000[\0003\000/\0003\000]}{subsection.5.7.3}% 75
\BOOKMARK [2][-]{subsection.5.7.4}{\376\377\0005\000.\0007\000.\0004\000\040\174\173\142\020\124\130\123\330\221\317\213\364\146\016}{section.5.7}% 76
\BOOKMARK [3][-]{subsubsection.5.7.4.1}{\376\377\0005\000.\0007\000.\0004\000.\0001\000\040\000c\000h}{subsection.5.7.4}% 77
\BOOKMARK [3][-]{subsubsection.5.7.4.2}{\376\377\0005\000.\0007\000.\0004\000.\0002\000\040\000c\000h\000a\000r\000\137\000i\000n\000f\000o\000p}{subsection.5.7.4}% 78
\BOOKMARK [3][-]{subsubsection.5.7.4.3}{\376\377\0005\000.\0007\000.\0004\000.\0003\000\040\000d\000r\000a\000w\000\137\000i\000n\000f\000o\000p}{subsection.5.7.4}% 79
\BOOKMARK [1][-]{section.5.8}{\376\377\0005\000.\0008\000\040\000S\000I\000D\000R\000A\000W\000\137\000I\000N\000F\000O\174\173\000\040\123\302\200\003}{chapter.5}% 80
\BOOKMARK [2][-]{subsection.5.8.1}{\376\377\0005\000.\0008\000.\0001\000\040\213\346\176\306\143\317\217\360}{section.5.8}% 81
\BOOKMARK [2][-]{subsection.5.8.2}{\376\377\0005\000.\0008\000.\0002\000\040\174\173\142\020\124\130\123\330\221\317\213\364\146\016}{section.5.8}% 82
\BOOKMARK [3][-]{subsubsection.5.8.2.1}{\376\377\0005\000.\0008\000.\0002\000.\0001\000\040\000L}{subsection.5.8.2}% 83
\BOOKMARK [3][-]{subsubsection.5.8.2.2}{\376\377\0005\000.\0008\000.\0002\000.\0002\000\040\000S}{subsection.5.8.2}% 84
\BOOKMARK [1][-]{section.5.9}{\376\377\0005\000.\0009\000\040\000S\000I\000P\000O\000I\000N\000T\176\323\147\204\117\123\000\040\123\302\200\003}{chapter.5}% 85
\BOOKMARK [2][-]{subsection.5.9.1}{\376\377\0005\000.\0009\000.\0001\000\040\213\346\176\306\143\317\217\360}{section.5.9}% 86
\BOOKMARK [2][-]{subsection.5.9.2}{\376\377\0005\000.\0009\000.\0002\000\040\123\313\121\103\123\312\166\370\121\163\121\375\145\160\145\207\150\143}{section.5.9}% 87
\BOOKMARK [3][-]{subsubsection.5.9.2.1}{\376\377\0005\000.\0009\000.\0002\000.\0001\000\040\000o\000p\000e\000r\000a\000t\000o\000r\000+}{subsection.5.9.2}% 88
\BOOKMARK [3][-]{subsubsection.5.9.2.2}{\376\377\0005\000.\0009\000.\0002\000.\0002\000\040\000o\000p\000e\000r\000a\000t\000o\000r\000-}{subsection.5.9.2}% 89
\BOOKMARK [3][-]{subsubsection.5.9.2.3}{\376\377\0005\000.\0009\000.\0002\000.\0003\000\040\000o\000p\000e\000r\000a\000t\000o\000r\000<}{subsection.5.9.2}% 90
\BOOKMARK [3][-]{subsubsection.5.9.2.4}{\376\377\0005\000.\0009\000.\0002\000.\0004\000\040\000o\000p\000e\000r\000a\000t\000o\000r\000>}{subsection.5.9.2}% 91
\BOOKMARK [1][-]{section.5.10}{\376\377\0005\000.\0001\0000\000\040\000S\000I\000R\000A\000N\000G\000E\176\323\147\204\117\123\000\040\123\302\200\003}{chapter.5}% 92
\BOOKMARK [2][-]{subsection.5.10.1}{\376\377\0005\000.\0001\0000\000.\0001\000\040\213\346\176\306\143\317\217\360}{section.5.10}% 93
\BOOKMARK [2][-]{subsection.5.10.2}{\376\377\0005\000.\0001\0000\000.\0002\000\040\142\020\124\130\121\375\145\160\213\364\146\016}{section.5.10}% 94
\BOOKMARK [3][-]{subsubsection.5.10.2.1}{\376\377\0005\000.\0001\0000\000.\0002\000.\0001\000\040\000\137\000c\000l\000e\000a\000r\000\050\000\051}{subsection.5.10.2}% 95
\BOOKMARK [2][-]{subsection.5.10.3}{\376\377\0005\000.\0001\0000\000.\0003\000\040\174\173\142\020\124\130\123\330\221\317\213\364\146\016}{section.5.10}% 96
\BOOKMARK [3][-]{subsubsection.5.10.3.1}{\376\377\0005\000.\0001\0000\000.\0003\000.\0001\000\040\000e\000p}{subsection.5.10.3}% 97
\BOOKMARK [3][-]{subsubsection.5.10.3.2}{\376\377\0005\000.\0001\0000\000.\0003\000.\0002\000\040\000s\000p}{subsection.5.10.3}% 98
\BOOKMARK [1][-]{section.5.11}{\376\377\0005\000.\0001\0001\000\040\000S\000I\000R\000E\000C\000T\176\323\147\204\117\123\000\040\123\302\200\003}{chapter.5}% 99
\BOOKMARK [2][-]{subsection.5.11.1}{\376\377\0005\000.\0001\0001\000.\0001\000\040\213\346\176\306\143\317\217\360}{section.5.11}% 100
\BOOKMARK [1][-]{section.5.12}{\376\377\0005\000.\0001\0002\000\040\000S\000I\000T\000E\000X\000T\174\173\000\040\123\302\200\003}{chapter.5}% 101
\BOOKMARK [2][-]{subsection.5.12.1}{\376\377\0005\000.\0001\0002\000.\0001\000\040\213\346\176\306\143\317\217\360}{section.5.12}% 102
\BOOKMARK [2][-]{subsection.5.12.2}{\376\377\0005\000.\0001\0002\000.\0002\000\040\142\020\124\130\121\375\145\160\213\364\146\016}{section.5.12}% 103
\BOOKMARK [3][-]{subsubsection.5.12.2.1}{\376\377\0005\000.\0001\0002\000.\0002\000.\0001\000\040\000c\000a\000n\000c\000e\000l\000\137\000s\000e\000l\000e\000c\000t\000\050\000\051}{subsection.5.12.2}% 104
\BOOKMARK [3][-]{subsubsection.5.12.2.2}{\376\377\0005\000.\0001\0002\000.\0002\000.\0002\000\040\000d\000e\000l\000\137\000c\000h\000a\000r\000\050\000\051}{subsection.5.12.2}% 105
\BOOKMARK [3][-]{subsubsection.5.12.2.3}{\376\377\0005\000.\0001\0002\000.\0002\000.\0003\000\040\000d\000r\000a\000w\000\137\000l\000i\000n\000e\000\137\000f\000r\000o\000m\000\137\000l\000e\000f\000t\000\050\000\051}{subsection.5.12.2}% 106
\BOOKMARK [3][-]{subsubsection.5.12.2.4}{\376\377\0005\000.\0001\0002\000.\0002\000.\0004\000\040\000g\000e\000t\000\137\000r\000a\000n\000g\000e\000\137\000a\000l\000i\000g\000n\000\050\000\051\000\040\000[\0001\000/\0002\000]}{subsection.5.12.2}% 107
\BOOKMARK [3][-]{subsubsection.5.12.2.5}{\376\377\0005\000.\0001\0002\000.\0002\000.\0005\000\040\000g\000e\000t\000\137\000r\000a\000n\000g\000e\000\137\000a\000l\000i\000g\000n\000\050\000\051\000\040\000[\0002\000/\0002\000]}{subsection.5.12.2}% 108
\BOOKMARK [3][-]{subsubsection.5.12.2.6}{\376\377\0005\000.\0001\0002\000.\0002\000.\0006\000\040\000m\000o\000v\000\137\000c\000u\000r\000s\000o\000r\000p\000\050\000\051\000\040\000[\0001\000/\0003\000]}{subsection.5.12.2}% 109
\BOOKMARK [3][-]{subsubsection.5.12.2.7}{\376\377\0005\000.\0001\0002\000.\0002\000.\0007\000\040\000m\000o\000v\000\137\000c\000u\000r\000s\000o\000r\000p\000\050\000\051\000\040\000[\0002\000/\0003\000]}{subsection.5.12.2}% 110
\BOOKMARK [3][-]{subsubsection.5.12.2.8}{\376\377\0005\000.\0001\0002\000.\0002\000.\0008\000\040\000m\000o\000v\000\137\000c\000u\000r\000s\000o\000r\000p\000\050\000\051\000\040\000[\0003\000/\0003\000]}{subsection.5.12.2}% 111
\BOOKMARK [3][-]{subsubsection.5.12.2.9}{\376\377\0005\000.\0001\0002\000.\0002\000.\0009\000\040\000p\000r\000o\000c\000\137\000l\000i\000n\000e\000\050\000\051}{subsection.5.12.2}% 112
\BOOKMARK [2][-]{subsection.5.12.3}{\376\377\0005\000.\0001\0002\000.\0003\000\040\123\313\121\103\123\312\166\370\121\163\121\375\145\160\145\207\150\143}{section.5.12}% 113
\BOOKMARK [3][-]{subsubsection.5.12.3.1}{\376\377\0005\000.\0001\0002\000.\0003\000.\0001\000\040\000p\000o\000i\000n\000t\000\137\000o\000n\000\137\000c\000h\000a\000r\000\137\000c\000o\000l}{subsection.5.12.3}% 114
\BOOKMARK [3][-]{subsubsection.5.12.3.2}{\376\377\0005\000.\0001\0002\000.\0003\000.\0002\000\040\000p\000o\000i\000n\000t\000\137\000o\000n\000\137\000l\000i\000n\000e}{subsection.5.12.3}% 115
\BOOKMARK [2][-]{subsection.5.12.4}{\376\377\0005\000.\0001\0002\000.\0004\000\040\174\173\142\020\124\130\123\330\221\317\213\364\146\016}{section.5.12}% 116
\BOOKMARK [3][-]{subsubsection.5.12.4.1}{\376\377\0005\000.\0001\0002\000.\0004\000.\0001\000\040\000c\000u\000r\000s\000o\000r\000p}{subsection.5.12.4}% 117
\BOOKMARK [3][-]{subsubsection.5.12.4.2}{\376\377\0005\000.\0001\0002\000.\0004\000.\0002\000\040\000d\000e\000f\000a\000u\000l\000t\000\137\000f\000o\000n\000t}{subsection.5.12.4}% 118
\BOOKMARK [3][-]{subsubsection.5.12.4.3}{\376\377\0005\000.\0001\0002\000.\0004\000.\0003\000\040\000h\000e\000a\000d\000p}{subsection.5.12.4}% 119
\BOOKMARK [3][-]{subsubsection.5.12.4.4}{\376\377\0005\000.\0001\0002\000.\0004\000.\0004\000\040\000p\000a\000g\000e\000w\000i\000d\000t\000h}{subsection.5.12.4}% 120
\BOOKMARK [3][-]{subsubsection.5.12.4.5}{\376\377\0005\000.\0001\0002\000.\0004\000.\0005\000\040\000s\000e\000l\000e\000c\000t}{subsection.5.12.4}% 121
\BOOKMARK [3][-]{subsubsection.5.12.4.6}{\376\377\0005\000.\0001\0002\000.\0004\000.\0006\000\040\000t\000a\000i\000l\000p}{subsection.5.12.4}% 122
\BOOKMARK [3][-]{subsubsection.5.12.4.7}{\376\377\0005\000.\0001\0002\000.\0004\000.\0007\000\040\000v\000l\000i\000n\000e\000p}{subsection.5.12.4}% 123
\BOOKMARK [3][-]{subsubsection.5.12.4.8}{\376\377\0005\000.\0001\0002\000.\0004\000.\0008\000\040\000v\000p\000a\000r\000a\000p}{subsection.5.12.4}% 124
\BOOKMARK [0][-]{chapter.6}{\376\377\0006\000\040\145\207\116\366\213\364\146\016}{}% 125
\BOOKMARK [1][-]{section.6.1}{\376\377\0006\000.\0001\000\040\000N\000o\000t\000e\000p\000a\000d\000/\000C\000h\000i\000l\000d\000V\000i\000e\000w\000.\000h\000\040\145\207\116\366\123\302\200\003}{chapter.6}% 126
\BOOKMARK [2][-]{subsection.6.1.1}{\376\377\0006\000.\0001\000.\0001\000\040\213\346\176\306\143\317\217\360}{section.6.1}% 127
\BOOKMARK [1][-]{section.6.2}{\376\377\0006\000.\0002\000\040\000N\000o\000t\000e\000p\000a\000d\000/\000k\000e\000r\000n\000a\000l\000.\000h\000\040\145\207\116\366\123\302\200\003}{chapter.6}% 128
\BOOKMARK [2][-]{subsection.6.2.1}{\376\377\0006\000.\0002\000.\0001\000\040\213\346\176\306\143\317\217\360}{section.6.2}% 129
\BOOKMARK [2][-]{subsection.6.2.2}{\376\377\0006\000.\0002\000.\0002\000\040\121\375\145\160\213\364\146\016}{section.6.2}% 130
\BOOKMARK [3][-]{subsubsection.6.2.2.1}{\376\377\0006\000.\0002\000.\0002\000.\0001\000\040\000a\000n\000t\000i\000c\000o\000l\000o\000r\000\137\000e\000x\000t\000\050\000\051}{subsection.6.2.2}% 131
\BOOKMARK [3][-]{subsubsection.6.2.2.2}{\376\377\0006\000.\0002\000.\0002\000.\0002\000\040\000p\000o\000i\000n\000t\000\137\000o\000n\000\137\000c\000h\000a\000r\000\137\000c\000o\000l\000\050\000\051}{subsection.6.2.2}% 132
\BOOKMARK [3][-]{subsubsection.6.2.2.3}{\376\377\0006\000.\0002\000.\0002\000.\0003\000\040\000p\000o\000i\000n\000t\000\137\000o\000n\000\137\000l\000i\000n\000e\000\050\000\051}{subsection.6.2.2}% 133
\BOOKMARK [1][-]{section.6.3}{\376\377\0006\000.\0003\000\040\000N\000o\000t\000e\000p\000a\000d\000/\000l\000i\000b\000.\000h\000\040\145\207\116\366\123\302\200\003}{chapter.6}% 134
\BOOKMARK [2][-]{subsection.6.3.1}{\376\377\0006\000.\0003\000.\0001\000\040\213\346\176\306\143\317\217\360}{section.6.3}% 135
\BOOKMARK [1][-]{section.6.4}{\376\377\0006\000.\0004\000\040\000N\000o\000t\000e\000p\000a\000d\000/\000M\000\137\000P\000A\000R\000A\000\137\000D\000I\000A\000.\000h\000\040\145\207\116\366\123\302\200\003}{chapter.6}% 136
\BOOKMARK [2][-]{subsection.6.4.1}{\376\377\0006\000.\0004\000.\0001\000\040\213\346\176\306\143\317\217\360}{section.6.4}% 137
\BOOKMARK [1][-]{section.6.5}{\376\377\0006\000.\0005\000\040\000N\000o\000t\000e\000p\000a\000d\000/\000M\000a\000i\000n\000F\000r\000m\000.\000h\000\040\145\207\116\366\123\302\200\003}{chapter.6}% 138
\BOOKMARK [2][-]{subsection.6.5.1}{\376\377\0006\000.\0005\000.\0001\000\040\213\346\176\306\143\317\217\360}{section.6.5}% 139
\BOOKMARK [1][-]{section.6.6}{\376\377\0006\000.\0006\000\040\000N\000o\000t\000e\000p\000a\000d\000/\000N\000o\000t\000e\000p\000a\000d\000.\000h\000\040\145\207\116\366\123\302\200\003}{chapter.6}% 140
\BOOKMARK [2][-]{subsection.6.6.1}{\376\377\0006\000.\0006\000.\0001\000\040\213\346\176\306\143\317\217\360}{section.6.6}% 141
\BOOKMARK [0][-]{section*.60}{\376\377\175\042\137\025}{}% 142
